  [1m[36mActiveRecord::SchemaMigration Pluck (0.1ms)[0m  [1m[34mSELECT "schema_migrations"."version" FROM "schema_migrations" ORDER BY "schema_migrations"."version" ASC[0m
  [1m[36mMessage Load (0.1ms)[0m  [1m[34mSELECT "messages".* FROM "messages"[0m
  [1m[36mNotification Load (0.1ms)[0m  [1m[34mSELECT "notifications".* FROM "notifications"[0m
  [1m[36mTag Load (0.1ms)[0m  [1m[34mSELECT "tags".* FROM "tags"[0m
  [1m[36mTRANSACTION (0.0ms)[0m  [1m[36mbegin transaction[0m
  [1m[36mTag Destroy (0.2ms)[0m  [1m[31mDELETE FROM "tags" WHERE "tags"."id" = ?[0m  [["id", 20]]
  [1m[36mTRANSACTION (22.1ms)[0m  [1m[36mcommit transaction[0m
  [1m[36mPosttag Load (0.1ms)[0m  [1m[34mSELECT "posttags".* FROM "posttags"[0m
  [1m[36mTRANSACTION (0.0ms)[0m  [1m[36mbegin transaction[0m
  [1m[36mPosttag Destroy (0.1ms)[0m  [1m[31mDELETE FROM "posttags" WHERE "posttags"."id" = ?[0m  [["id", 15]]
  [1m[36mTRANSACTION (6.6ms)[0m  [1m[36mcommit transaction[0m
  [1m[36mUser Load (0.1ms)[0m  [1m[34mSELECT "users".* FROM "users"[0m
  [1m[36mTRANSACTION (0.0ms)[0m  [1m[36mbegin transaction[0m
  [1m[36mPost Load (0.1ms)[0m  [1m[34mSELECT "posts".* FROM "posts" WHERE "posts"."user_id" = ?[0m  [["user_id", 62]]
  [1m[36mRecipe Load (0.1ms)[0m  [1m[34mSELECT "recipes".* FROM "recipes" WHERE "recipes"."post_id" = ? LIMIT ?[0m  [["post_id", 74], ["LIMIT", 1]]
  [1m[36mActiveStorage::Attachment Load (0.1ms)[0m  [1m[34mSELECT "active_storage_attachments".* FROM "active_storage_attachments" WHERE "active_storage_attachments"."record_id" = ? AND "active_storage_attachments"."record_type" = ? AND "active_storage_attachments"."name" = ? LIMIT ?[0m  [["record_id", 37], ["record_type", "Recipe"], ["name", "pic"], ["LIMIT", 1]]
  [1m[36mActiveStorage::Attachment Destroy (0.1ms)[0m  [1m[31mDELETE FROM "active_storage_attachments" WHERE "active_storage_attachments"."id" = ?[0m  [["id", 196]]
  [1m[36mRecipe Destroy (0.1ms)[0m  [1m[31mDELETE FROM "recipes" WHERE "recipes"."id" = ?[0m  [["id", 37]]
  [1m[36mComment Load (0.1ms)[0m  [1m[34mSELECT "comments".* FROM "comments" WHERE "comments"."post_id" = ?[0m  [["post_id", 74]]
  [1m[36mActiveStorage::Attachment Load (0.1ms)[0m  [1m[34mSELECT "active_storage_attachments".* FROM "active_storage_attachments" WHERE "active_storage_attachments"."record_id" = ? AND "active_storage_attachments"."record_type" = ? AND "active_storage_attachments"."name" = ?[0m  [["record_id", 74], ["record_type", "Post"], ["name", "pics"]]
  [1m[36mActiveStorage::Attachment Destroy (0.0ms)[0m  [1m[31mDELETE FROM "active_storage_attachments" WHERE "active_storage_attachments"."id" = ?[0m  [["id", 194]]
  [1m[36mActiveStorage::Attachment Destroy (0.0ms)[0m  [1m[31mDELETE FROM "active_storage_attachments" WHERE "active_storage_attachments"."id" = ?[0m  [["id", 195]]
  [1m[36mPost Destroy (0.1ms)[0m  [1m[31mDELETE FROM "posts" WHERE "posts"."id" = ?[0m  [["id", 74]]
  [1m[36mComment Load (0.0ms)[0m  [1m[34mSELECT "comments".* FROM "comments" WHERE "comments"."user_id" = ?[0m  [["user_id", 62]]
  [1m[36mNotification Load (0.0ms)[0m  [1m[34mSELECT "notifications".* FROM "notifications" WHERE "notifications"."user_id" = ?[0m  [["user_id", 62]]
  [1m[36mActiveStorage::Attachment Load (0.0ms)[0m  [1m[34mSELECT "active_storage_attachments".* FROM "active_storage_attachments" WHERE "active_storage_attachments"."record_id" = ? AND "active_storage_attachments"."record_type" = ? AND "active_storage_attachments"."name" = ? LIMIT ?[0m  [["record_id", 62], ["record_type", "User"], ["name", "avatar"], ["LIMIT", 1]]
  [1m[36mActiveStorage::Attachment Destroy (0.0ms)[0m  [1m[31mDELETE FROM "active_storage_attachments" WHERE "active_storage_attachments"."id" = ?[0m  [["id", 193]]
  [1m[36mUser Destroy (0.1ms)[0m  [1m[31mDELETE FROM "users" WHERE "users"."id" = ?[0m  [["id", 62]]
  [1m[36mTRANSACTION (7.9ms)[0m  [1m[36mcommit transaction[0m
